[2018-11-29 14:30:38] local.INFO: admin вошел в систему  
[2018-11-29 15:00:55] local.INFO: Зарегистрирован администратор "Oksana"  
[2018-11-29 15:01:29] local.INFO: admin вошел в систему  
[2018-11-29 15:55:40] local.INFO: admin удалил вопрос (2) из темы "Искусство"  
[2018-11-29 16:41:00] local.INFO: admin создал тему "Рецепты"  
[2018-11-29 16:41:36] local.INFO: admin вышел из системы  
[2018-11-29 16:43:21] local.INFO: admin вошел в систему  
[2018-11-29 16:52:05] local.INFO: admin опубликовал вопрос (5) из темы "Рецепты"  
[2018-11-29 16:52:05] local.INFO: admin обновил вопрос (5) из темы "Рецепты"  
[2018-11-29 17:17:49] local.INFO: admin создал тему "история"  
[2018-11-29 17:18:09] local.INFO: admin удалил тему "история"  
[2018-11-29 17:18:20] local.INFO: admin создал тему "История"  
[2018-11-29 17:24:32] local.INFO: admin опубликовал вопрос (6) из темы "Искусство"  
[2018-11-29 17:24:32] local.INFO: admin обновил вопрос (6) из темы "Искусство"  
[2018-11-29 17:42:02] local.INFO: admin опубликовал вопрос (7) из темы "История"  
[2018-11-29 17:42:02] local.INFO: admin обновил вопрос (7) из темы "История"  
[2018-11-29 17:47:59] local.INFO: admin опубликовал вопрос (8) из темы "Искусство"  
[2018-11-29 17:47:59] local.INFO: admin обновил вопрос (8) из темы "Искусство"  
[2018-11-29 17:53:51] local.INFO: admin опубликовал вопрос (9) из темы "Рецепты"  
[2018-11-29 17:53:51] local.INFO: admin обновил вопрос (9) из темы "Рецепты"  
[2018-11-29 18:12:45] local.INFO: admin опубликовал вопрос (10) из темы "Искусство"  
[2018-11-29 18:12:45] local.INFO: admin обновил вопрос (10) из темы "Искусство"  
[2018-11-29 18:26:21] local.INFO: admin опубликовал вопрос (11) из темы "Искусство"  
[2018-11-29 18:26:21] local.INFO: admin обновил вопрос (11) из темы "Искусство"  
[2018-11-29 18:27:33] local.INFO: admin создал тему "Кондитерская"  
[2018-11-29 18:45:15] local.INFO: admin опубликовал вопрос (12) из темы "Спорт"  
[2018-11-29 18:45:15] local.INFO: admin обновил вопрос (12) из темы "Спорт"  
[2018-11-29 18:50:40] local.INFO: admin опубликовал вопрос (13) из темы "Спорт"  
[2018-11-29 18:50:40] local.INFO: admin обновил вопрос (13) из темы "Спорт"  
[2018-11-30 18:41:09] local.INFO: admin вошел в систему  
[2018-11-30 20:10:38] local.INFO: admin вышел из системы  
[2018-12-01 07:02:44] local.INFO: admin вошел в систему  
